TN:
SF:/home/markert/dev/fili.js/src/fft.js
FN:3,Fft
FN:4,isPowerOfTwo
FN:58,sinc
FN:65,calc
FN:72,calc
FN:79,calc
FN:87,calc
FN:95,calc
FN:108,calc
FN:115,calc
FN:122,calc
FN:129,calc
FN:136,calc
FN:143,calc
FN:151,calc
FN:162,calc
FN:170,calc
FN:178,calc
FN:186,calc
FN:194,calc
FN:202,calc
FN:210,calc
FN:218,calc
FN:227,calc
FN:235,calc
FN:243,calc
FN:252,calc
FN:260,calc
FN:268,calc
FN:276,calc
FN:284,calc
FN:292,calc
FN:300,calc
FN:308,calc
FN:316,calc
FN:324,calc
FN:332,calc
FN:340,calc
FN:348,calc
FN:356,calc
FN:365,windowFunctions
FN:377,forward
FN:427,inverse
FN:461,magnitude
FN:468,magToDb
FN:475,phase
FN:482,windows
FNF:47
FNH:47
FNDA:2,Fft
FNDA:2,isPowerOfTwo
FNDA:8193,sinc
FNDA:8193,calc
FNDA:8193,calc
FNDA:8193,calc
FNDA:8193,calc
FNDA:8193,calc
FNDA:8193,calc
FNDA:8193,calc
FNDA:8193,calc
FNDA:8193,calc
FNDA:8193,calc
FNDA:8193,calc
FNDA:8193,calc
FNDA:8193,calc
FNDA:8193,calc
FNDA:8193,calc
FNDA:8193,calc
FNDA:8193,calc
FNDA:8193,calc
FNDA:8193,calc
FNDA:8193,calc
FNDA:8193,calc
FNDA:8193,calc
FNDA:8193,calc
FNDA:8193,calc
FNDA:8193,calc
FNDA:8193,calc
FNDA:8193,calc
FNDA:8193,calc
FNDA:8193,calc
FNDA:8193,calc
FNDA:8193,calc
FNDA:8193,calc
FNDA:8193,calc
FNDA:8193,calc
FNDA:8193,calc
FNDA:8193,calc
FNDA:8193,calc
FNDA:303142,windowFunctions
FNDA:38,forward
FNDA:1,inverse
FNDA:1,magnitude
FNDA:1,magToDb
FNDA:1,phase
FNDA:2,windows
DA:3,1
DA:4,2
DA:5,2
DA:6,1
DA:8,1
DA:11,2
DA:12,1
DA:15,1
DA:16,1
DA:17,1
DA:18,1
DA:19,1
DA:20,1
DA:21,1
DA:23,1
DA:24,1
DA:25,1
DA:26,1
DA:27,1
DA:29,1
DA:30,8191
DA:31,8191
DA:34,1
DA:35,1
DA:36,1
DA:37,1
DA:38,8192
DA:39,8192
DA:40,1
DA:42,8191
DA:43,8191
DA:44,8178
DA:45,8178
DA:47,8191
DA:52,1
DA:53,1
DA:54,1
DA:55,1
DA:56,1
DA:57,1
DA:58,1
DA:59,8193
DA:61,1
DA:63,1
DA:66,8193
DA:73,8193
DA:80,8193
DA:81,8193
DA:88,8193
DA:89,8193
DA:96,8193
DA:97,2049
DA:98,6144
DA:99,2048
DA:101,4096
DA:109,8193
DA:116,8193
DA:123,8193
DA:130,8193
DA:137,8193
DA:144,8193
DA:145,8193
DA:152,8193
DA:153,8193
DA:154,8193
DA:155,8193
DA:156,8193
DA:163,8193
DA:164,8193
DA:171,8193
DA:172,8193
DA:179,8193
DA:180,8193
DA:187,8193
DA:188,8193
DA:195,8193
DA:196,8193
DA:203,8193
DA:204,8193
DA:211,8193
DA:212,8193
DA:219,8193
DA:220,8193
DA:228,8193
DA:229,8193
DA:236,8193
DA:237,8193
DA:244,8193
DA:245,8193
DA:253,8193
DA:254,8193
DA:261,8193
DA:262,8193
DA:269,8193
DA:270,8193
DA:277,8193
DA:278,8193
DA:285,8193
DA:286,8193
DA:293,8193
DA:294,8193
DA:301,8193
DA:302,8193
DA:309,8193
DA:310,8193
DA:317,8193
DA:318,8193
DA:325,8193
DA:326,8193
DA:333,8193
DA:334,8193
DA:341,8193
DA:342,8193
DA:349,8193
DA:350,8193
DA:357,8193
DA:358,8193
DA:365,1
DA:366,303142
DA:367,303141
DA:368,74
DA:370,303141
DA:371,303141
DA:373,1
DA:376,1
DA:378,38
DA:379,38
DA:380,38
DA:386,38
DA:387,38
DA:388,37
DA:389,303104
DA:390,303104
DA:393,1
DA:394,8192
DA:398,38
DA:399,311296
DA:400,311296
DA:403,38
DA:404,494
DA:405,494
DA:406,494
DA:407,494
DA:408,311258
DA:409,311258
DA:410,311258
DA:411,2023424
DA:412,2023424
DA:413,2023424
DA:414,2023424
DA:415,2023424
DA:416,2023424
DA:417,2023424
DA:419,311258
DA:422,38
DA:428,1
DA:429,1
DA:430,1
DA:431,8192
DA:432,8192
DA:433,8192
DA:436,1
DA:437,13
DA:438,13
DA:439,13
DA:440,13
DA:441,8191
DA:442,8191
DA:443,8191
DA:444,53248
DA:445,53248
DA:446,53248
DA:447,53248
DA:448,53248
DA:449,53248
DA:450,53248
DA:452,8191
DA:456,1
DA:457,8192
DA:459,1
DA:462,1
DA:463,1
DA:464,8192
DA:466,1
DA:469,1
DA:470,1
DA:471,8192
DA:473,1
DA:476,1
DA:477,1
DA:478,8192
DA:480,1
DA:483,2
DA:484,2
DA:485,74
DA:487,2
DA:490,1
DA:493,1
LF:198
LH:198
BRDA:5,1,0,1
BRDA:5,1,1,1
BRDA:11,2,0,1
BRDA:11,2,1,1
BRDA:39,3,0,1
BRDA:39,3,1,8191
BRDA:96,4,0,2049
BRDA:96,4,1,6144
BRDA:98,5,0,2048
BRDA:98,5,1,4096
BRDA:366,6,0,303141
BRDA:366,6,1,1
BRDA:367,7,0,74
BRDA:367,7,1,303067
BRDA:387,8,0,37
BRDA:387,8,1,1
BRF:16
BRH:16
end_of_record
TN:
SF:/home/markert/dev/fili.js/src/firCoeffs.js
FN:3,FirCoeffs
FN:7,calcKImpulseResponse
FN:13,ino
FN:60,calcImpulseResponse
FN:88,invert
FN:96,bs
FN:114,lowpass
FN:117,highpass
FN:120,bandstop
FN:123,bandpass
FN:126,kbFilter
FN:129,available
FNF:12
FNH:12
FNDA:1,FirCoeffs
FNDA:1,calcKImpulseResponse
FNDA:52,ino
FNDA:6,calcImpulseResponse
FNDA:4,invert
FNDA:2,bs
FNDA:1,lowpass
FNDA:1,highpass
FNDA:1,bandstop
FNDA:1,bandpass
FNDA:1,kbFilter
FNDA:1,available
DA:3,1
DA:7,1
DA:8,1
DA:9,1
DA:10,1
DA:11,1
DA:12,1
DA:13,1
DA:14,52
DA:15,52
DA:16,52
DA:17,52
DA:18,662
DA:19,662
DA:20,662
DA:22,52
DA:25,1
DA:26,0
DA:28,1
DA:29,1
DA:30,1
DA:31,1
DA:32,1
DA:33,1
DA:35,1
DA:36,1
DA:37,50
DA:40,1
DA:41,0
DA:42,1
DA:43,1
DA:45,0
DA:48,1
DA:49,1
DA:50,51
DA:52,1
DA:53,50
DA:55,1
DA:60,1
DA:61,6
DA:62,6
DA:63,6
DA:64,6
DA:65,6
DA:66,6
DA:67,6
DA:71,6
DA:72,606
DA:73,6
DA:75,600
DA:77,600
DA:79,606
DA:82,6
DA:83,606
DA:85,6
DA:88,1
DA:89,4
DA:90,4
DA:91,404
DA:93,4
DA:94,4
DA:96,1
DA:97,2
DA:102,2
DA:107,2
DA:108,2
DA:109,202
DA:111,2
DA:113,1
DA:115,1
DA:118,1
DA:121,1
DA:124,1
DA:127,1
DA:130,1
DA:133,1
DA:136,1
LF:77
LH:74
BRDA:11,1,0,1
BRDA:11,1,1,0
BRDA:12,2,0,1
BRDA:12,2,1,0
BRDA:25,3,0,0
BRDA:25,3,1,1
BRDA:40,4,0,0
BRDA:40,4,1,1
BRDA:42,5,0,1
BRDA:42,5,1,0
BRDA:72,6,0,6
BRDA:72,6,1,600
BRF:12
BRH:7
end_of_record
TN:
SF:/home/markert/dev/fili.js/src/firFilter.js
FN:12,FirFilter
FN:24,initZero
FN:38,doStep
FN:48,calcInputResponse
FN:53,calcResponse
FN:80,responsePoint
FN:83,response
FN:97,simulate
FN:100,singleStep
FN:103,multiStep
FN:106,reinit
FNF:11
FNH:10
FNDA:5,FirFilter
FNDA:14,initZero
FNDA:100005,doStep
FNDA:5,calcInputResponse
FNDA:1000,calcResponse
FNDA:0,responsePoint
FNDA:5,response
FNDA:5,simulate
FNDA:5,singleStep
FNDA:5,multiStep
FNDA:4,reinit
DA:3,1
DA:5,1
DA:6,1
DA:7,1
DA:12,1
DA:14,5
DA:15,5
DA:16,5
DA:17,5
DA:18,505
DA:24,5
DA:25,14
DA:26,14
DA:27,14
DA:28,1400
DA:30,14
DA:36,5
DA:38,5
DA:39,100005
DA:40,100005
DA:41,100005
DA:42,10000500
DA:44,100005
DA:45,100005
DA:48,5
DA:49,5
DA:50,5
DA:53,5
DA:54,1000
DA:55,1000
DA:59,1000
DA:60,1000
DA:64,1000
DA:65,100000
DA:70,1000
DA:71,1000
DA:76,1000
DA:79,5
DA:81,0
DA:84,5
DA:85,5
DA:86,5
DA:87,5
DA:88,5
DA:89,1000
DA:94,5
DA:95,5
DA:98,5
DA:101,5
DA:104,5
DA:107,4
DA:110,5
DA:113,1
LF:53
LH:52
BRDA:84,1,0,5
BRDA:84,1,1,0
BRF:2
BRH:1
end_of_record
TN:
SF:/home/markert/dev/fili.js/src/utils.js
FN:6,(anonymous_1)
FN:55,(anonymous_2)
FN:67,factorial
FN:95,(anonymous_4)
FN:105,fractionToFp
FN:117,numberToFp
FN:121,valueToFp
FN:134,convert
FN:137,add
FN:138,sub
FN:139,mul
FN:140,div
FN:148,div
FN:160,mul
FN:171,add
FN:178,sub
FN:185,phase
FN:188,magnitude
FNF:18
FNH:7
FNDA:17,(anonymous_1)
FNDA:34,(anonymous_2)
FNDA:0,factorial
FNDA:0,(anonymous_4)
FNDA:0,fractionToFp
FNDA:0,numberToFp
FNDA:0,valueToFp
FNDA:0,convert
FNDA:0,add
FNDA:0,sub
FNDA:0,mul
FNDA:0,div
FNDA:5418,div
FNDA:127090,mul
FNDA:121672,add
FNDA:0,sub
FNDA:6418,phase
FNDA:6418,magnitude
DA:6,1
DA:7,17
DA:8,17
DA:9,17
DA:10,17
DA:11,17
DA:12,17
DA:13,2800
DA:15,17
DA:16,17
DA:18,17
DA:19,2783
DA:20,2783
DA:21,165
DA:22,15337
DA:24,2618
DA:25,18
DA:26,2021
DA:29,2783
DA:30,2456
DA:32,327
DA:35,2783
DA:36,2783
DA:37,2783
DA:38,381
DA:41,17
DA:42,13
DA:43,13
DA:45,4
DA:46,4
DA:47,4
DA:48,4
DA:55,1
DA:56,34
DA:57,34
DA:58,0
DA:60,34
DA:61,34
DA:62,221200
DA:64,34
DA:67,1
DA:68,0
DA:70,0
DA:71,0
DA:73,0
DA:75,0
DA:76,0
DA:78,0
DA:79,0
DA:81,0
DA:82,0
DA:84,0
DA:85,0
DA:86,0
DA:87,0
DA:95,1
DA:96,0
DA:97,0
DA:98,0
DA:99,0
DA:100,0
DA:102,0
DA:105,1
DA:106,0
DA:107,0
DA:108,0
DA:109,0
DA:110,0
DA:111,0
DA:114,0
DA:117,1
DA:118,0
DA:121,1
DA:122,0
DA:123,0
DA:124,0
DA:130,0
DA:133,1
DA:135,0
DA:146,1
DA:149,5418
DA:150,5418
DA:151,5418
DA:152,5418
DA:153,5418
DA:154,5418
DA:158,5418
DA:161,127090
DA:162,127090
DA:163,127090
DA:164,127090
DA:165,127090
DA:169,127090
DA:172,121672
DA:176,121672
DA:179,0
DA:183,0
DA:186,6418
DA:189,6418
LF:99
LH:63
BRDA:20,1,0,165
BRDA:20,1,1,2618
BRDA:24,2,0,18
BRDA:24,2,1,2600
BRDA:29,3,0,2456
BRDA:29,3,1,327
BRDA:37,4,0,381
BRDA:37,4,1,2402
BRDA:41,5,0,13
BRDA:41,5,1,4
BRDA:57,6,0,0
BRDA:57,6,1,34
BRDA:75,7,0,0
BRDA:75,7,1,0
BRDA:78,8,0,0
BRDA:78,8,1,0
BRDA:78,9,0,0
BRDA:78,9,1,0
BRDA:81,10,0,0
BRDA:81,10,1,0
BRDA:81,11,0,0
BRDA:81,11,1,0
BRDA:109,12,0,0
BRDA:109,12,1,0
BRF:24
BRH:11
end_of_record
TN:
SF:/home/markert/dev/fili.js/src/calcCascades.js
FN:48,calcCoeffs
FN:107,initCalcCoeffs
FN:108,(anonymous_3)
FN:114,CalcCascades
FN:120,(anonymous_5)
FNF:5
FNH:5
FNDA:26,calcCoeffs
FNDA:14,initCalcCoeffs
FNDA:26,(anonymous_3)
FNDA:1,CalcCascades
FNDA:1,(anonymous_5)
DA:3,1
DA:5,1
DA:7,1
DA:17,1
DA:48,1
DA:49,26
DA:50,26
DA:51,26
DA:52,26
DA:53,0
DA:55,26
DA:56,76
DA:57,76
DA:58,21
DA:66,55
DA:67,35
DA:68,35
DA:70,20
DA:71,20
DA:72,0
DA:74,20
DA:78,55
DA:79,11
DA:81,44
DA:83,55
DA:84,9
DA:85,3
DA:88,55
DA:99,0
DA:100,0
DA:104,26
DA:107,1
DA:108,14
DA:109,26
DA:113,1
DA:114,1
DA:115,1
DA:116,1
DA:117,14
DA:118,14
DA:120,1
DA:121,1
DA:123,1
DA:126,1
LF:44
LH:40
BRDA:51,1,0,26
BRDA:51,1,1,0
BRDA:52,2,0,0
BRDA:52,2,1,26
BRDA:57,3,0,21
BRDA:57,3,1,55
BRDA:66,4,0,35
BRDA:66,4,1,20
BRDA:71,5,0,0
BRDA:71,5,1,20
BRDA:78,6,0,11
BRDA:78,6,1,44
BRDA:83,7,0,9
BRDA:83,7,1,46
BRDA:83,8,0,55
BRDA:83,8,1,52
BRDA:84,9,0,3
BRDA:84,9,1,6
BRDA:92,10,0,55
BRDA:92,10,1,55
BRDA:93,11,0,55
BRDA:93,11,1,55
BRDA:94,12,0,55
BRDA:94,12,1,43
BRF:24
BRH:21
end_of_record
TN:
SF:/home/markert/dev/fili.js/src/iirCoeffs.js
FN:3,IirCoeffs
FN:4,preCalc
FN:24,preCalcGain
FN:36,initCoeffs
FN:46,fromPZ
FN:63,lowpassMZ
FN:86,lowpassBT
FN:104,highpassBT
FN:126,lowpass
FN:145,highpass
FN:164,allpass
FN:178,bandpassQ
FN:189,bandpass
FN:200,bandstop
FN:211,peak
FN:225,lowshelf
FN:243,highshelf
FN:262,aweighting
FNF:18
FNH:17
FNDA:1,IirCoeffs
FNDA:37,preCalc
FNDA:9,preCalcGain
FNDA:76,initCoeffs
FNDA:0,fromPZ
FNDA:21,lowpassMZ
FNDA:3,lowpassBT
FNDA:3,highpassBT
FNDA:11,lowpass
FNDA:11,highpass
FNDA:3,allpass
FNDA:3,bandpassQ
FNDA:3,bandpass
FNDA:6,bandstop
FNDA:3,peak
FNDA:3,lowshelf
FNDA:3,highshelf
FNDA:3,aweighting
DA:3,1
DA:4,1
DA:5,37
DA:6,37
DA:7,37
DA:8,37
DA:9,37
DA:10,37
DA:11,0
DA:13,37
DA:15,37
DA:16,37
DA:17,37
DA:18,37
DA:19,37
DA:20,37
DA:21,37
DA:24,1
DA:25,9
DA:26,9
DA:27,9
DA:28,9
DA:29,9
DA:30,9
DA:31,9
DA:32,9
DA:33,9
DA:36,1
DA:37,76
DA:38,76
DA:39,76
DA:40,76
DA:41,76
DA:44,1
DA:47,0
DA:48,0
DA:49,0
DA:50,0
DA:51,0
DA:52,0
DA:53,0
DA:54,0
DA:55,0
DA:57,0
DA:59,0
DA:64,21
DA:65,21
DA:66,21
DA:67,21
DA:68,21
DA:69,21
DA:70,21
DA:71,21
DA:73,21
DA:74,21
DA:75,21
DA:77,0
DA:78,0
DA:80,21
DA:81,21
DA:82,21
DA:87,3
DA:88,3
DA:89,3
DA:90,3
DA:91,3
DA:92,0
DA:94,3
DA:95,3
DA:96,3
DA:97,3
DA:98,3
DA:99,3
DA:100,3
DA:101,3
DA:105,3
DA:106,3
DA:107,3
DA:108,3
DA:109,3
DA:110,0
DA:112,3
DA:113,3
DA:114,3
DA:115,3
DA:116,3
DA:117,3
DA:118,3
DA:119,3
DA:127,11
DA:128,11
DA:129,0
DA:131,11
DA:132,11
DA:133,6
DA:134,6
DA:136,5
DA:137,5
DA:139,11
DA:140,11
DA:141,11
DA:146,11
DA:147,11
DA:148,0
DA:150,11
DA:151,11
DA:152,6
DA:153,6
DA:155,5
DA:156,5
DA:158,11
DA:159,11
DA:160,11
DA:165,3
DA:166,3
DA:167,0
DA:169,3
DA:170,3
DA:171,3
DA:172,3
DA:173,3
DA:174,3
DA:179,3
DA:180,3
DA:181,3
DA:182,3
DA:183,3
DA:184,3
DA:185,3
DA:190,3
DA:191,3
DA:192,3
DA:193,3
DA:194,3
DA:195,3
DA:196,3
DA:201,6
DA:202,6
DA:203,6
DA:204,6
DA:205,6
DA:206,6
DA:207,6
DA:212,3
DA:213,3
DA:214,3
DA:215,3
DA:216,3
DA:217,3
DA:218,3
DA:219,3
DA:220,3
DA:221,3
DA:226,3
DA:227,3
DA:228,0
DA:230,3
DA:231,3
DA:232,3
DA:233,3
DA:234,3
DA:235,3
DA:236,3
DA:237,3
DA:238,3
DA:239,3
DA:244,3
DA:245,3
DA:246,0
DA:248,3
DA:249,3
DA:250,3
DA:251,3
DA:252,3
DA:253,3
DA:254,3
DA:255,3
DA:256,3
DA:257,3
DA:263,3
DA:264,3
DA:265,3
DA:266,3
DA:267,3
DA:268,3
DA:269,3
DA:270,3
DA:271,3
DA:272,3
DA:273,3
DA:274,3
DA:275,3
DA:279,1
DA:282,1
LF:194
LH:173
BRDA:10,1,0,0
BRDA:10,1,1,37
BRDA:54,2,0,0
BRDA:54,2,1,0
BRDA:73,3,0,21
BRDA:73,3,1,0
BRDA:91,4,0,0
BRDA:91,4,1,3
BRDA:109,5,0,0
BRDA:109,5,1,3
BRDA:128,6,0,0
BRDA:128,6,1,11
BRDA:132,7,0,6
BRDA:132,7,1,5
BRDA:147,8,0,0
BRDA:147,8,1,11
BRDA:151,9,0,6
BRDA:151,9,1,5
BRDA:166,10,0,0
BRDA:166,10,1,3
BRDA:227,11,0,0
BRDA:227,11,1,3
BRDA:245,12,0,0
BRDA:245,12,1,3
BRF:24
BRH:13
end_of_record
TN:
SF:/home/markert/dev/fili.js/src/iirFilter.js
FN:11,IirFilter
FN:54,runStage
FN:62,doStep
FN:71,biquadResponse
FN:93,calcResponse
FN:111,reinit
FN:145,calcInputResponse
FN:150,predefinedResponse
FN:180,getComplRes
FN:201,getPZ
FN:212,singleStep
FN:215,multiStep
FN:218,simulate
FN:221,stepResponse
FN:222,(anonymous_15)
FN:226,impulseResponse
FN:227,(anonymous_17)
FN:235,responsePoint
FN:238,response
FN:252,polesZeros
FN:255,reinit
FNF:21
FNH:18
FNDA:6,IirFilter
FNDA:363618,runStage
FNDA:121206,doStep
FNDA:5418,biquadResponse
FNDA:1806,calcResponse
FNDA:18,reinit
FNDA:18,calcInputResponse
FNDA:12,predefinedResponse
FNDA:0,getComplRes
FNDA:0,getPZ
FNDA:6,singleStep
FNDA:6,multiStep
FNDA:6,simulate
FNDA:6,stepResponse
FNDA:600,(anonymous_15)
FNDA:6,impulseResponse
FNDA:600,(anonymous_17)
FNDA:6,responsePoint
FNDA:12,response
FNDA:0,polesZeros
FNDA:6,reinit
DA:3,1
DA:5,1
DA:6,1
DA:7,1
DA:11,1
DA:12,6
DA:13,6
DA:17,6
DA:18,6
DA:19,6
DA:20,18
DA:21,18
DA:22,18
DA:26,18
DA:30,18
DA:34,18
DA:38,18
DA:42,18
DA:46,18
DA:47,18
DA:48,18
DA:49,18
DA:50,18
DA:51,18
DA:54,6
DA:55,363618
DA:56,363618
DA:57,363618
DA:58,363618
DA:59,363618
DA:62,6
DA:63,121206
DA:64,121206
DA:65,121206
DA:66,363618
DA:68,121206
DA:71,6
DA:72,5418
DA:73,5418
DA:77,5418
DA:78,5418
DA:83,5418
DA:84,5418
DA:85,5418
DA:86,5418
DA:90,5418
DA:93,6
DA:94,1806
DA:95,1806
DA:99,1806
DA:100,5418
DA:103,5418
DA:105,5418
DA:107,1806
DA:108,1806
DA:111,6
DA:112,18
DA:113,18
DA:114,54
DA:142,18
DA:145,6
DA:146,18
DA:147,18
DA:150,6
DA:151,12
DA:152,12
DA:153,12
DA:154,12
DA:155,1200
DA:157,12
DA:158,12
DA:159,12
DA:160,12
DA:161,95
DA:162,12
DA:163,12
DA:168,95
DA:169,12
DA:170,12
DA:174,12
DA:177,12
DA:180,6
DA:181,0
DA:182,0
DA:183,0
DA:191,0
DA:201,6
DA:202,0
DA:203,0
DA:204,0
DA:205,0
DA:206,0
DA:208,0
DA:211,6
DA:213,6
DA:216,6
DA:219,6
DA:222,6
DA:223,600
DA:227,6
DA:228,600
DA:229,6
DA:231,594
DA:236,6
DA:239,12
DA:240,12
DA:241,12
DA:242,12
DA:243,12
DA:244,1800
DA:249,12
DA:250,12
DA:253,0
DA:256,6
DA:257,18
DA:261,6
DA:264,1
LF:117
LH:106
BRDA:161,1,0,12
BRDA:161,1,1,83
BRDA:161,2,0,95
BRDA:161,2,1,45
BRDA:168,3,0,12
BRDA:168,3,1,83
BRDA:168,4,0,95
BRDA:168,4,1,57
BRDA:168,4,2,57
BRDA:182,5,0,0
BRDA:182,5,1,0
BRDA:228,6,0,6
BRDA:228,6,1,594
BRDA:239,7,0,12
BRDA:239,7,1,6
BRF:15
BRH:13
end_of_record
